<?xml version="1.0" encoding="UTF-8"?>
<!-- Generated by org.testng.reporters.JUnitXMLReporter -->
<testsuite ignored="8" hostname="DESKTOP-B1CUU75" failures="0" tests="1" name="Default test" time="12.923" errors="0" timestamp="2024-11-13T13:22:03 GMT+03:00">
  <testcase classname="almosafer.MyFirstProject" name="RandomlyChangeTheLanguage" time="8.977"/>
  <testcase classname="almosafer.MyFirstProject" name="CheckReturnDat" time="0.0">
    <ignored/>
  </testcase> <!-- CheckReturnDat -->
  <testcase classname="almosafer.MyFirstProject" name="CheckTheSortOption" time="0.0">
    <ignored/>
  </testcase> <!-- CheckTheSortOption -->
  <testcase classname="almosafer.MyFirstProject" name="CheckSarIsDefualt" time="0.0">
    <ignored/>
  </testcase> <!-- CheckSarIsDefualt -->
  <testcase classname="almosafer.MyFirstProject" name="CheckDepatureDate" time="0.0">
    <ignored/>
  </testcase> <!-- CheckDepatureDate -->
  <testcase classname="almosafer.MyFirstProject" name="CheckNumIsareCorrect" time="0.0">
    <ignored/>
  </testcase> <!-- CheckNumIsareCorrect -->
  <testcase classname="almosafer.MyFirstProject" name="checkLanEnIsCorrect" time="0.0">
    <ignored/>
  </testcase> <!-- checkLanEnIsCorrect -->
  <testcase classname="almosafer.MyFirstProject" name="verifyGitafLogoIsDisplayed" time="0.0">
    <ignored/>
  </testcase> <!-- verifyGitafLogoIsDisplayed -->
  <testcase classname="almosafer.MyFirstProject" name="hotelsTabIsNotByDefualt" time="0.0">
    <ignored/>
  </testcase> <!-- hotelsTabIsNotByDefualt -->
</testsuite> <!-- Default test -->
