<?xml version="1.0" encoding="UTF-8"?>
<testng-results ignored="8" total="9" passed="1" failed="0" skipped="0">
  <reporter-output>
  </reporter-output>
  <suite started-at="2024-11-13T13:21:50 GMT+03:00" name="Default suite" finished-at="2024-11-13T13:22:03 GMT+03:00" duration-ms="12923">
    <groups>
    </groups>
    <test started-at="2024-11-13T13:21:50 GMT+03:00" name="Default test" finished-at="2024-11-13T13:22:03 GMT+03:00" duration-ms="12923">
      <class name="almosafer.MyFirstProject">
        <test-method is-config="true" signature="mysetup()[pri:0, instance:almosafer.MyFirstProject@5cdd09b1]" started-at="2024-11-13T13:21:50 GMT+03:00" name="mysetup" finished-at="2024-11-13T13:21:54 GMT+03:00" duration-ms="3898" status="PASS">
          <reporter-output>
          </reporter-output>
        </test-method> <!-- mysetup -->
        <test-method signature="RandomlyChangeTheLanguage()[pri:8, instance:almosafer.MyFirstProject@5cdd09b1]" started-at="2024-11-13T13:21:54 GMT+03:00" name="RandomlyChangeTheLanguage" finished-at="2024-11-13T13:22:03 GMT+03:00" duration-ms="8977" status="PASS">
          <reporter-output>
          </reporter-output>
        </test-method> <!-- RandomlyChangeTheLanguage -->
      </class> <!-- almosafer.MyFirstProject -->
    </test> <!-- Default test -->
  </suite> <!-- Default suite -->
</testng-results>
