<?xml version="1.0" encoding="UTF-8"?>
<testng-results ignored="10" total="11" passed="1" failed="0" skipped="0">
  <reporter-output>
  </reporter-output>
  <suite started-at="2024-11-11T18:03:33 GMT+03:00" name="Default suite" finished-at="2024-11-11T18:03:36 GMT+03:00" duration-ms="3319">
    <groups>
    </groups>
    <test started-at="2024-11-11T18:03:33 GMT+03:00" name="Default test" finished-at="2024-11-11T18:03:36 GMT+03:00" duration-ms="3319">
      <class name="almosafer.MyFirstProject">
        <test-method is-config="true" signature="mysetup()[pri:0, instance:almosafer.MyFirstProject@7e8dcdaa]" started-at="2024-11-11T18:03:33 GMT+03:00" name="mysetup" finished-at="2024-11-11T18:03:36 GMT+03:00" duration-ms="3170" status="PASS">
          <reporter-output>
          </reporter-output>
        </test-method> <!-- mysetup -->
        <test-method signature="CheckDepatureDate()[pri:6, instance:almosafer.MyFirstProject@7e8dcdaa]" started-at="2024-11-11T18:03:36 GMT+03:00" name="CheckDepatureDate" finished-at="2024-11-11T18:03:36 GMT+03:00" duration-ms="79" status="PASS">
          <reporter-output>
          </reporter-output>
        </test-method> <!-- CheckDepatureDate -->
      </class> <!-- almosafer.MyFirstProject -->
    </test> <!-- Default test -->
  </suite> <!-- Default suite -->
</testng-results>
